[START] Application is now running
[STATUS] Loaded model
[STATUS] Loaded force field
[STATUS] Created system
[STATUS] Created integrator
[STATUS] Set up compute platform
[STATUS] Set atomic positions
[STATUS] Minimizing...
[STATUS] Equilibrating...
[STATUS] Set up reporters
[STATUS] Running Production...
[STATUS] Step 0
#"Step"	"Potential Energy (kJ/mole)"	"Total Energy (kJ/mole)"	"Temperature (K)"
1000	-24.80752137946044	63.663460351025364	337.79684812720444
[STATUS] Step 1000
2000	-53.10101863658966	37.45914548302123	345.77369219975225
[STATUS] Step 2000
3000	-61.41722110218787	-4.212514101836938	218.41703736966844
[STATUS] Step 3000
4000	-36.2532151538917	42.55462484879983	300.90137398632476
[STATUS] Step 4000
5000	-32.81902989333986	21.76526245791956	208.41186062204284
[STATUS] Step 5000
6000	-35.37382578595691	33.0108290308298	261.10392815294637
[STATUS] Step 6000
7000	-42.67746288668697	56.26350577093203	377.7729907531873
[STATUS] Step 7000
8000	-44.362435463943186	9.244858494269302	204.68151908698474
[STATUS] Step 8000
9000	-48.29210040274913	31.68378766859334	305.36117479709606
[STATUS] Step 9000
10000	-47.18098703025747	16.186443929191427	241.94733723231772
[STATUS] Step 10000
11000	-36.37659285238212	41.57616092851437	297.6365132947221
[STATUS] Step 11000
12000	-2.4041262252469124	90.70971791543579	355.5240650945771
[STATUS] Step 12000
13000	-36.694700510574336	22.155417335698885	224.69948825644707
[STATUS] Step 13000
14000	-44.10463795656288	38.59982977315032	315.77934344893134
[STATUS] Step 14000
15000	-48.17374384678757	9.310991113193005	219.48623045761843
[STATUS] Step 15000
16000	-52.63941008710968	22.50264825305726	286.9048129975976
[STATUS] Step 16000
17000	-39.20297077570525	68.21771512654723	410.14995438825974
[STATUS] Step 17000
18000	-58.64575727498422	10.578890602722552	264.31116065876296
[STATUS] Step 18000
19000	-42.10139150626259	53.17374449744659	363.77623507091346
[STATUS] Step 19000
20000	-27.95701360504451	42.1564717614562	267.7048892728135
[STATUS] Step 20000
21000	-32.60766859609302	64.73840072883056	371.683401182384
[STATUS] Step 21000
22000	-62.19334462132832	20.16543806254593	314.45946074112067
[STATUS] Step 22000
23000	-33.799580679308406	38.934913291900045	277.71233384126765
[STATUS] Step 23000
24000	-61.84401051390475	41.96362093735604	396.3547146182866
[STATUS] Step 24000
25000	-37.28970699364696	30.346652018352742	258.246810944799
[STATUS] Step 25000
26000	-48.55879885476685	62.38896299650699	423.616914010277
[STATUS] Step 26000
27000	-36.78182377493805	68.22663557741583	400.9396742536184
[STATUS] Step 27000
28000	-38.62580332773423	10.841679819302591	188.87503636796012
[STATUS] Step 28000
29000	-32.56844248493553	42.0550071933704	284.92467930899693
[STATUS] Step 29000
30000	-33.95438177024468	39.22502139098505	279.4110707508438
[STATUS] Step 30000
31000	-50.48894589191953	20.10564866630601	269.5418437791483
[STATUS] Step 31000
32000	-46.64489097336589	36.63072007602133	317.96006315432055
[STATUS] Step 32000
33000	-9.360145057424603	63.30650475807926	277.45329362816506
[STATUS] Step 33000
34000	-40.244267382811216	36.16161359832503	291.7302969739343
[STATUS] Step 34000
35000	-46.74300940665832	24.572556380279096	272.2946312342619
[STATUS] Step 35000
36000	-14.085703510415641	74.27120562352093	337.3613000772302
[STATUS] Step 36000
37000	-47.43107831261631	32.73178278627718	306.07506875595305
[STATUS] Step 37000
38000	-45.96658042217419	51.11451327309125	370.6716803810741
[STATUS] Step 38000
39000	-66.38793718355926	-6.812559804652324	227.46864916554838
[STATUS] Step 39000
40000	-47.51426578759158	32.09316441629714	303.9543416879902
[STATUS] Step 40000
41000	-32.439028699849246	55.72061683198564	336.60811500188925
[STATUS] Step 41000
42000	-61.238582221249146	24.183559180769265	326.1558712412826
[STATUS] Step 42000
43000	-9.644390409775355	62.152063483950485	274.13074160172505
[STATUS] Step 43000
44000	-45.58006746093976	39.22394836568385	323.79576550908604
[STATUS] Step 44000
45000	-59.91064503526165	-1.4751807841688702	223.1162722145672
[STATUS] Step 45000
46000	-0.18249253409256028	68.25163899033332	261.2928384099518
[STATUS] Step 46000
47000	-32.25785235561706	29.677654007212283	236.4800121723628
[STATUS] Step 47000
48000	-44.00888688315956	49.06476989756304	355.3706231041804
[STATUS] Step 48000
49000	-59.50715341371618	15.973330912616845	288.1969794143726
[STATUS] Step 49000
50000	-51.62269395919692	14.767086908580012	253.48716931060196
[STATUS] Step 50000
51000	-51.512769672971146	10.77981352708624	237.84339062477233
[STATUS] Step 51000
52000	-63.22383736655554	28.872158473565364	351.63775185292207
[STATUS] Step 52000
53000	-65.7574875029141	-6.271017818113172	227.12918487730576
[STATUS] Step 53000
54000	-58.52294042745862	3.226283429269607	235.76875473866673
[STATUS] Step 54000
55000	-60.74243707343389	-4.744952624033878	213.80766190301432
[STATUS] Step 55000
56000	-44.356625842358	30.273793036115677	284.9512888684771
[STATUS] Step 56000
57000	-29.366269924782046	25.896580614929732	211.0027080710785
[STATUS] Step 57000
58000	-41.86310761527541	24.530189746646087	253.50059586714352
[STATUS] Step 58000
59000	-69.37074170266783	15.120153097983831	322.6002176177119
[STATUS] Step 59000
60000	-49.670086896100315	23.787176268597506	280.47198622342296
[STATUS] Step 60000
61000	-49.7891220473052	37.14247577985918	331.9192256522574
[STATUS] Step 61000
62000	-26.623034858284868	51.0341162899373	296.50785352784305
[STATUS] Step 62000
63000	-24.10621476679613	54.96016166322008	301.888508847588
[STATUS] Step 63000
64000	-19.370060687862335	62.293947043637075	311.80669500393344
[STATUS] Step 64000
65000	-55.92815431235307	16.5371906395861	276.68467834782393
[STATUS] Step 65000
66000	-53.56690664149791	25.83404043839802	303.16595495245355
[STATUS] Step 66000
67000	-31.706080525549098	65.48344670318606	371.08569755507756
[STATUS] Step 67000
68000	-35.27386624227748	21.93320574284885	218.42606727289063
[STATUS] Step 68000
69000	-44.86852124677624	47.99124861948199	354.5539674714689
[STATUS] Step 69000
70000	-39.6322753038619	32.906634687603926	276.96556184203183
[STATUS] Step 70000
71000	-63.053840588046924	1.827871799248996	247.72911430203038
[STATUS] Step 71000
72000	-33.22238787711274	61.38719742337224	361.2350523529138
[STATUS] Step 72000
73000	-53.15995851681686	68.52475699010517	464.6123797824856
[STATUS] Step 73000
74000	-36.29357722562416	22.1898097992809	223.29924929508178
[STATUS] Step 74000
75000	-57.68944851173853	-0.5154067552600239	218.2999523941822
[STATUS] Step 75000
76000	-40.49696970630322	47.27405563132851	335.12429879286015
[STATUS] Step 76000
77000	-24.64475089133336	81.85239575785408	406.62372869589103
[STATUS] Step 77000
78000	-28.2617669406324	56.15207050778504	322.30599989569043
[STATUS] Step 78000
79000	-41.57459919877061	21.04411711953982	239.0886208376729
[STATUS] Step 79000
80000	-45.59505561885423	41.99519915333407	334.43408686069256
[STATUS] Step 80000
81000	-68.1459417913126	-13.508881434416288	208.61333759943636
[STATUS] Step 81000
82000	-33.18098201249353	52.545864770451445	327.31928680728083
[STATUS] Step 82000
83000	-58.23425009310368	1.4853506707772866	228.01931791497944
[STATUS] Step 83000
84000	-32.74416481584315	69.46094318511412	390.23601490484225
[STATUS] Step 84000
85000	-47.3845424842488	28.815141476818127	290.94300263052094
[STATUS] Step 85000
86000	-30.140114685149214	61.92738603279403	351.52895276117096
[STATUS] Step 86000
87000	-48.810148999571936	20.28922290763134	263.83283627313483
[STATUS] Step 87000
88000	-47.834876280956664	20.801011563249475	262.06317742482935
[STATUS] Step 88000
89000	-24.369956888478498	52.53476421699891	293.6349511150532
[STATUS] Step 89000
90000	-60.52574665498015	25.199938562208672	327.31485175701187
[STATUS] Step 90000
91000	-58.312268965559156	46.754050032278954	401.1605919544965
[STATUS] Step 91000
92000	-33.327073199565305	41.145315212582744	284.3479023976963
[STATUS] Step 92000
93000	-53.890177657770636	19.709902312643905	281.0172844204936
[STATUS] Step 93000
94000	-53.727425304279805	27.88468563500325	311.60854446354494
[STATUS] Step 94000
95000	-25.453245049205137	47.050469567106575	276.8311800756812
[STATUS] Step 95000
96000	-17.319079373598186	71.05266756608876	337.4179532748953
[STATUS] Step 96000
97000	-38.12147821866948	38.121431639363735	291.10804625801416
[STATUS] Step 97000
98000	-44.77586122037107	53.76756263864148	376.255098927733
[STATUS] Step 98000
99000	-49.507080583683646	17.411704103940465	255.50699343254962
[STATUS] Step 99000
100000	-38.182800847138196	37.81244814454851	290.16243608821674
[END] Done!
